<?xml version="1.0" encoding="UTF-8"?>
<!-- Generated by org.testng.reporters.JUnitXMLReporter -->
<testsuite hostname="EPBYGROW0336" ignored="5" tests="3" failures="1" timestamp="17 Apr 2017 08:39:13 GMT" time="40.448" errors="0">
  <testcase name="verifyBestPostPage" time="5.568" classname="PikabuTest"/>
  <testcase name="searchTest" time="2.666" classname="PikabuTest">
    <failure type="java.lang.AssertionError" message="Some posts do not contain hashtag expected [true] but found [false]">
      <![CDATA[java.lang.AssertionError: Some posts do not contain hashtag expected [true] but found [false]
	at PikabuTest.searchTest(PikabuTest.java:172)
	at java.util.concurrent.FutureTask.run(FutureTask.java:266)
	at java.util.concurrent.ThreadPoolExecutor.runWorker(ThreadPoolExecutor.java:1142)
	at java.util.concurrent.ThreadPoolExecutor$Worker.run(ThreadPoolExecutor.java:617)
	at java.lang.Thread.run(Thread.java:745)
... Removed 21 stack frames]]>
    </failure>
  </testcase> <!-- searchTest -->
  <testcase name="verifyRecentPostsPage" time="3.289" classname="PikabuTest"/>
  <testcase name="verifyHotPostsPage" time="0.0" classname="PikabuTest">
    <ignored/>
  </testcase> <!-- verifyHotPostsPage -->
  <testcase name="postRatingUp" time="0.0" classname="PikabuTest">
    <ignored/>
  </testcase> <!-- postRatingUp -->
  <testcase name="addPostWithUnregUser" time="0.0" classname="PikabuTest">
    <ignored/>
  </testcase> <!-- addPostWithUnregUser -->
  <testcase name="loginWithGoogleAccount" time="0.0" classname="PikabuTest">
    <ignored/>
  </testcase> <!-- loginWithGoogleAccount -->
  <testcase name="loginTest" time="0.0" classname="PikabuTest">
    <ignored/>
  </testcase> <!-- loginTest -->
</testsuite>
