<?xml version="1.0" encoding="UTF-8"?>
<testsuite name="PikabuTest" tests="8" skipped="0" failures="1" errors="0" timestamp="2017-04-20T08:58:41" hostname="EPBYGROW0336" time="45.476">
  <properties/>
  <testcase name="verifyBestPostPage" classname="PikabuTest" time="6.047"/>
  <testcase name="loginWithGoogleAccount" classname="PikabuTest" time="9.209"/>
  <testcase name="searchTest" classname="PikabuTest" time="3.619">
    <failure message="java.lang.AssertionError: Search test is fail! expected [true] but found [false]" type="java.lang.AssertionError">java.lang.AssertionError: Search test is fail! expected [true] but found [false]
	at org.testng.Assert.fail(Assert.java:93)
	at org.testng.Assert.failNotEquals(Assert.java:512)
	at org.testng.Assert.assertEqualsImpl(Assert.java:134)
	at org.testng.Assert.assertEquals(Assert.java:115)
	at org.testng.Assert.assertEquals(Assert.java:304)
	at PikabuTest.searchTest(PikabuTest.java:115)
	at sun.reflect.NativeMethodAccessorImpl.invoke0(Native Method)
	at sun.reflect.NativeMethodAccessorImpl.invoke(NativeMethodAccessorImpl.java:62)
	at sun.reflect.DelegatingMethodAccessorImpl.invoke(DelegatingMethodAccessorImpl.java:43)
	at java.lang.reflect.Method.invoke(Method.java:498)
	at org.testng.internal.MethodInvocationHelper.invokeMethod(MethodInvocationHelper.java:108)
	at org.testng.internal.Invoker.invokeMethod(Invoker.java:661)
	at org.testng.internal.Invoker.invokeTestMethod(Invoker.java:869)
	at org.testng.internal.Invoker.invokeTestMethods(Invoker.java:1193)
	at org.testng.internal.TestMethodWorker.invokeTestMethods(TestMethodWorker.java:126)
	at org.testng.internal.TestMethodWorker.run(TestMethodWorker.java:109)
	at org.testng.TestRunner.privateRun(TestRunner.java:744)
	at org.testng.TestRunner.run(TestRunner.java:602)
	at org.testng.SuiteRunner.runTest(SuiteRunner.java:380)
	at org.testng.SuiteRunner.access$000(SuiteRunner.java:39)
	at org.testng.SuiteRunner$SuiteWorker.run(SuiteRunner.java:414)
	at org.testng.internal.thread.ThreadUtil$1.call(ThreadUtil.java:52)
	at java.util.concurrent.FutureTask.run(FutureTask.java:266)
	at java.util.concurrent.ThreadPoolExecutor.runWorker(ThreadPoolExecutor.java:1142)
	at java.util.concurrent.ThreadPoolExecutor$Worker.run(ThreadPoolExecutor.java:617)
	at java.lang.Thread.run(Thread.java:745)
</failure>
  </testcase>
  <testcase name="addPostWithUnregUser" classname="PikabuTest" time="0.738"/>
  <testcase name="verifyRecentPostsPage" classname="PikabuTest" time="5.881"/>
  <testcase name="verifyHotPostsPage" classname="PikabuTest" time="4.427"/>
  <testcase name="postHideTest" classname="PikabuTest" time="6.04"/>
  <testcase name="postRatingUp" classname="PikabuTest" time="15.444"/>
  <system-out><![CDATA[11:58:40 [TestNG-tests-1] INFO  [MainPageService:isPageShown:47] - Main page is open.
11:58:40 [TestNG-tests-1] INFO  [MainPageService:openLoginTab:99] - Login tab clicked.
11:58:40 [TestNG-tests-1] INFO  [LoginService:isPageShown:31] - Login page is open.
11:58:41 [TestNG-tests-2] DEBUG [BaseTest:beforeMethod:51] - ###############################
11:58:41 [TestNG-tests-1] INFO  [LoginService:clickGoogleAccountButton:60] - Login with google account button clicked.
11:58:41 [TestNG-tests-2] INFO  [MainPageService:isPageShown:47] - Main page is open.
11:58:41 [TestNG-tests-1] INFO  [AuthorizationByGoogleService:inputEmail:23] - The value 'muliarchyk.a.a@gmail.com'is entered in the email field
11:58:41 [TestNG-tests-1] INFO  [AuthorizationByGoogleService:clickNext:35] - Next button clicked.
11:58:42 [TestNG-tests-1] INFO  [AuthorizationByGoogleService:inputPassword:29] - The value 'Typblcm6578090'is entered in the password field
11:58:42 [TestNG-tests-1] INFO  [AuthorizationByGoogleService:clickSubmit:41] - Submit button clicked.
11:58:47 [TestNG-tests-2] INFO  [MainPageService:openBestPostsTab:81] - Best posts tab clicked.
11:58:47 [TestNG-tests-2] INFO  [BestPostsPageService:isPageShown:32] - Page with best posts is open.
11:58:51 [TestNG-tests-2] INFO  [MainPageService:isPageShown:47] - Main page is open.
11:58:51 [TestNG-tests-2] INFO  [MainPageService:inputInSearchField:57] - The value 'Ð”Ð¢ÐŸ'is entered in the search field
11:58:54 [TestNG-tests-2] INFO  [MainPageService:clickSearchButton:63] - Search button clicked.
11:58:54 [TestNG-tests-2] INFO  [SearchResultPageService:isPageShown:29] - Page with search results is open.
11:58:54 [TestNG-tests-2] WARN  [SearchResultPageService:verifySearchResult:71] - Post with title '??????? ??????' is not contains hashtag
11:58:54 [TestNG-tests-2] WARN  [SearchResultPageService:verifySearchResult:71] - Post with title '???-500 ?????? ??????? ????? ???? ??????' is not contains hashtag
11:58:54 [TestNG-tests-2] WARN  [SearchResultPageService:verifySearchResult:71] - Post with title '??? ????? ???? - ??????????? ??????? ? ?????? ??????????? ?????????, ??????? ??? ???? - ? ????????? ????? ??????? ?????????? ?????:' is not contains hashtag
11:58:54 [TestNG-tests-2] INFO  [TestNGListenerAdapter:onTestFailure:34] - com.epam.reportportal.message.ReportPortalMessage@741ffb76
11:58:56 [TestNG-tests-1] INFO  [MainPageService:isPageShown:47] - Main page is open.
11:58:56 [TestNG-tests-1] INFO  [MainPageService:clickAddPostButton:69] - Add post button clicked.
11:58:57 [TestNG-tests-1] INFO  [MainPageService:isUnregMessageShow:111] - Message about an unregistered user is displayed.
11:59:00 [TestNG-tests-2] INFO  [MainPageService:isPageShown:47] - Main page is open.
11:59:01 [TestNG-tests-1] DEBUG [BaseTest:beforeMethod:51] - ###############################
11:59:02 [TestNG-tests-1] INFO  [MainPageService:isPageShown:47] - Main page is open.
11:59:05 [TestNG-tests-2] INFO  [MainPageService:openRecentPostTab:87] - Recent posts tab clicked.
11:59:05 [TestNG-tests-2] INFO  [RecentPostPageService:isPageShown:29] - Page with recent posts is open.
11:59:11 [TestNG-tests-2] INFO  [MainPageService:isPageShown:47] - Main page is open.
11:59:12 [TestNG-tests-2] INFO  [MainPageService:openLoginTab:99] - Login tab clicked.
11:59:12 [TestNG-tests-2] INFO  [LoginService:isPageShown:31] - Login page is open.
11:59:13 [TestNG-tests-1] DEBUG [BaseTest:beforeMethod:51] - ###############################
11:59:13 [TestNG-tests-1] INFO  [MainPageService:isPageShown:47] - Main page is open.
11:59:14 [TestNG-tests-2] INFO  [LoginService:clickGoogleAccountButton:60] - Login with google account button clicked.
11:59:14 [TestNG-tests-2] INFO  [AuthorizationByGoogleService:inputEmail:23] - The value 'muliarchyk.a.a@gmail.com'is entered in the email field
11:59:14 [TestNG-tests-2] INFO  [AuthorizationByGoogleService:clickNext:35] - Next button clicked.
11:59:15 [TestNG-tests-2] INFO  [AuthorizationByGoogleService:inputPassword:29] - The value 'Typblcm6578090'is entered in the password field
11:59:18 [TestNG-tests-1] INFO  [MainPageService:openHotPostsTab:75] - Hot posts tab clicked.
11:59:19 [TestNG-tests-1] INFO  [HotPostsPageService:isPageShown:31] - Page with hot posts is open.
11:59:19 [TestNG-tests-1] INFO  [HotPostsPageService:hidePost:52] - Hide post with title: ??????????????)
]]></system-out>
  <system-err><![CDATA[Apr 20, 2017 11:58:54 AM org.openqa.selenium.remote.Augmenter extractRemoteWebDriver
WARNING: Augmenter should be applied to the instances of @Augmentable classes or previously augmented instances only
]]></system-err>
</testsuite>
